  [1m[35m (350.8ms)[0m  [1m[35mCREATE DATABASE "h_api_dev" ENCODING = 'utf8'[0m
  [1m[35m (267.0ms)[0m  [1m[35mCREATE DATABASE "h_api_test" ENCODING = 'utf8'[0m
  [1m[35m (6.2ms)[0m  [1m[35mCREATE TABLE "schema_migrations" ("version" character varying NOT NULL PRIMARY KEY)[0m
  [1m[35m (4.9ms)[0m  [1m[35mCREATE TABLE "ar_internal_metadata" ("key" character varying NOT NULL PRIMARY KEY, "value" character varying, "created_at" timestamp(6) NOT NULL, "updated_at" timestamp(6) NOT NULL)[0m
  [1m[35m (0.4ms)[0m  [1m[34mSELECT pg_try_advisory_lock(2279409318858252315)[0m
  [1m[35m (0.7ms)[0m  [1m[34mSELECT "schema_migrations"."version" FROM "schema_migrations" ORDER BY "schema_migrations"."version" ASC[0m
  [1m[36mActiveRecord::InternalMetadata Load (0.4ms)[0m  [1m[34mSELECT "ar_internal_metadata".* FROM "ar_internal_metadata" WHERE "ar_internal_metadata"."key" = $1 LIMIT $2[0m  [["key", "environment"], ["LIMIT", 1]]
  [1m[35m (0.3ms)[0m  [1m[35mBEGIN[0m
  [1m[36mActiveRecord::InternalMetadata Create (1.0ms)[0m  [1m[32mINSERT INTO "ar_internal_metadata" ("key", "value", "created_at", "updated_at") VALUES ($1, $2, $3, $4) RETURNING "key"[0m  [["key", "environment"], ["value", "development"], ["created_at", "2021-01-05 13:48:16.516104"], ["updated_at", "2021-01-05 13:48:16.516104"]]
  [1m[35m (0.3ms)[0m  [1m[35mCOMMIT[0m
  [1m[35m (0.2ms)[0m  [1m[34mSELECT pg_advisory_unlock(2279409318858252315)[0m
  [1m[35m (0.8ms)[0m  [1m[34mSELECT "schema_migrations"."version" FROM "schema_migrations" ORDER BY "schema_migrations"."version" ASC[0m
  [1m[35m (0.8ms)[0m  [1m[34mSELECT "schema_migrations"."version" FROM "schema_migrations" ORDER BY "schema_migrations"."version" ASC[0m
Started GET "/" for ::1 at 2021-01-05 08:58:03 -0500
Processing by Rails::WelcomeController#index as HTML
  Rendering /Users/heatherschechter/.rvm/gems/ruby-2.6.1/gems/railties-6.0.3.4/lib/rails/templates/rails/welcome/index.html.erb
  Rendered /Users/heatherschechter/.rvm/gems/ruby-2.6.1/gems/railties-6.0.3.4/lib/rails/templates/rails/welcome/index.html.erb (Duration: 20.7ms | Allocations: 481)
Completed 200 OK in 47ms (Views: 41.0ms | ActiveRecord: 0.0ms | Allocations: 2633)


Started GET "/favicon.ico" for ::1 at 2021-01-05 08:58:03 -0500
  
ActionController::RoutingError (No route matches [GET] "/favicon.ico"):
  
actionpack (6.0.3.4) lib/action_dispatch/middleware/debug_exceptions.rb:36:in `call'
actionpack (6.0.3.4) lib/action_dispatch/middleware/show_exceptions.rb:33:in `call'
railties (6.0.3.4) lib/rails/rack/logger.rb:37:in `call_app'
railties (6.0.3.4) lib/rails/rack/logger.rb:26:in `block in call'
activesupport (6.0.3.4) lib/active_support/tagged_logging.rb:80:in `block in tagged'
activesupport (6.0.3.4) lib/active_support/tagged_logging.rb:28:in `tagged'
activesupport (6.0.3.4) lib/active_support/tagged_logging.rb:80:in `tagged'
railties (6.0.3.4) lib/rails/rack/logger.rb:26:in `call'
actionpack (6.0.3.4) lib/action_dispatch/middleware/remote_ip.rb:81:in `call'
actionpack (6.0.3.4) lib/action_dispatch/middleware/request_id.rb:27:in `call'
rack (2.2.3) lib/rack/runtime.rb:22:in `call'
activesupport (6.0.3.4) lib/active_support/cache/strategy/local_cache_middleware.rb:29:in `call'
actionpack (6.0.3.4) lib/action_dispatch/middleware/executor.rb:14:in `call'
actionpack (6.0.3.4) lib/action_dispatch/middleware/static.rb:126:in `call'
rack (2.2.3) lib/rack/sendfile.rb:110:in `call'
actionpack (6.0.3.4) lib/action_dispatch/middleware/host_authorization.rb:82:in `call'
railties (6.0.3.4) lib/rails/engine.rb:527:in `call'
puma (4.3.7) lib/puma/configuration.rb:228:in `call'
puma (4.3.7) lib/puma/server.rb:713:in `handle_request'
puma (4.3.7) lib/puma/server.rb:472:in `process_client'
puma (4.3.7) lib/puma/server.rb:328:in `block in run'
puma (4.3.7) lib/puma/thread_pool.rb:134:in `block in spawn_thread'
  [1m[35m (3.2ms)[0m  [1m[34mSELECT pg_try_advisory_lock(2279409318858252315)[0m
  [1m[35m (25.7ms)[0m  [1m[34mSELECT "schema_migrations"."version" FROM "schema_migrations" ORDER BY "schema_migrations"."version" ASC[0m
Migrating to CreateUsers (20210105141628)
  [1m[35m (55.0ms)[0m  [1m[35mBEGIN[0m
  [1m[35m (50.9ms)[0m  [1m[35mCREATE TABLE "users" ("id" bigserial primary key, "name" character varying, "password_digest" character varying, "created_at" timestamp(6) NOT NULL, "updated_at" timestamp(6) NOT NULL)[0m
  [1m[36mprimary::SchemaMigration Create (4.3ms)[0m  [1m[32mINSERT INTO "schema_migrations" ("version") VALUES ($1) RETURNING "version"[0m  [["version", "20210105141628"]]
  [1m[35m (12.6ms)[0m  [1m[35mCOMMIT[0m
  [1m[36mActiveRecord::InternalMetadata Load (3.9ms)[0m  [1m[34mSELECT "ar_internal_metadata".* FROM "ar_internal_metadata" WHERE "ar_internal_metadata"."key" = $1 LIMIT $2[0m  [["key", "environment"], ["LIMIT", 1]]
  [1m[35m (0.3ms)[0m  [1m[34mSELECT pg_advisory_unlock(2279409318858252315)[0m
  [1m[35m (6.9ms)[0m  [1m[34mSELECT "schema_migrations"."version" FROM "schema_migrations" ORDER BY "schema_migrations"."version" ASC[0m
  [1m[35m (1.9ms)[0m  [1m[35mCREATE DATABASE "h_api_dev" ENCODING = 'utf8'[0m
  [1m[35m (0.5ms)[0m  [1m[35mCREATE DATABASE "h_api_test" ENCODING = 'utf8'[0m
  [1m[36mUser Load (0.8ms)[0m  [1m[34mSELECT "users".* FROM "users" LIMIT $1[0m  [["LIMIT", 11]]
  [1m[36mUser Load (0.4ms)[0m  [1m[34mSELECT "users".* FROM "users" LIMIT $1[0m  [["LIMIT", 11]]
  [1m[36mUser Load (1.1ms)[0m  [1m[34mSELECT "users".* FROM "users" LIMIT $1[0m  [["LIMIT", 11]]
  [1m[36mUser Load (0.5ms)[0m  [1m[34mSELECT "users".* FROM "users" LIMIT $1[0m  [["LIMIT", 11]]
  [1m[36mUser Load (0.4ms)[0m  [1m[34mSELECT "users".* FROM "users" LIMIT $1[0m  [["LIMIT", 11]]
  [1m[35m (0.2ms)[0m  [1m[35mBEGIN[0m
  [1m[36mUser Exists? (1.1ms)[0m  [1m[34mSELECT 1 AS one FROM "users" WHERE LOWER("users"."name") = LOWER($1) LIMIT $2[0m  [["name", "nick"], ["LIMIT", 1]]
  [1m[36mUser Create (39.4ms)[0m  [1m[32mINSERT INTO "users" ("name", "password_digest", "created_at", "updated_at") VALUES ($1, $2, $3, $4) RETURNING "id"[0m  [["name", "nick"], ["password_digest", "$2a$12$eOGDLO.1.TNulskBGySxuOF5QbAmFOmtvGJiQcwrORTuPz3spNkMu"], ["created_at", "2021-01-06 14:26:59.583098"], ["updated_at", "2021-01-06 14:26:59.583098"]]
  [1m[35m (0.9ms)[0m  [1m[35mCOMMIT[0m
  [1m[36mUser Load (0.3ms)[0m  [1m[34mSELECT "users".* FROM "users" LIMIT $1[0m  [["LIMIT", 11]]
  [1m[35m (0.2ms)[0m  [1m[35mBEGIN[0m
  [1m[36mUser Exists? (0.4ms)[0m  [1m[34mSELECT 1 AS one FROM "users" WHERE LOWER("users"."name") = LOWER($1) LIMIT $2[0m  [["name", "nick"], ["LIMIT", 1]]
  [1m[35m (2.1ms)[0m  [1m[31mROLLBACK[0m
  [1m[36mUser Load (0.5ms)[0m  [1m[34mSELECT "users".* FROM "users" WHERE "users"."id" = $1 LIMIT $2[0m  [["id", 1], ["LIMIT", 11]]
  [1m[36mUser Load (3.4ms)[0m  [1m[34mSELECT "users".* FROM "users" WHERE "users"."id" = $1 LIMIT $2[0m  [["id", 2], ["LIMIT", 11]]
  [1m[36mUser Load (0.6ms)[0m  [1m[34mSELECT "users".* FROM "users" LIMIT $1[0m  [["LIMIT", 11]]
  [1m[35m (0.2ms)[0m  [1m[35mBEGIN[0m
  [1m[36mUser Exists? (0.6ms)[0m  [1m[34mSELECT 1 AS one FROM "users" WHERE LOWER("users"."name") = LOWER($1) LIMIT $2[0m  [["name", "heather"], ["LIMIT", 1]]
  [1m[36mUser Create (0.6ms)[0m  [1m[32mINSERT INTO "users" ("name", "password_digest", "created_at", "updated_at") VALUES ($1, $2, $3, $4) RETURNING "id"[0m  [["name", "heather"], ["password_digest", "$2a$12$wePbBudJnmHGFuyNHWAoH.VlFyyjZ4Hhgywde0vXVB01E1q4iX/dK"], ["created_at", "2021-01-06 14:31:45.045814"], ["updated_at", "2021-01-06 14:31:45.045814"]]
  [1m[35m (1.3ms)[0m  [1m[35mCOMMIT[0m
  [1m[35m (0.2ms)[0m  [1m[35mBEGIN[0m
  [1m[36mUser Exists? (0.5ms)[0m  [1m[34mSELECT 1 AS one FROM "users" WHERE LOWER("users"."name") = LOWER($1) LIMIT $2[0m  [["name", "heather"], ["LIMIT", 1]]
  [1m[35m (0.2ms)[0m  [1m[31mROLLBACK[0m
Started GET "/" for ::1 at 2021-01-07 08:18:51 -0500
  [1m[35m (1.0ms)[0m  [1m[34mSELECT "schema_migrations"."version" FROM "schema_migrations" ORDER BY "schema_migrations"."version" ASC[0m
Processing by Rails::WelcomeController#index as HTML
  Rendering /Users/heatherschechter/.rvm/gems/ruby-2.6.1/gems/railties-6.0.3.4/lib/rails/templates/rails/welcome/index.html.erb
  Rendered /Users/heatherschechter/.rvm/gems/ruby-2.6.1/gems/railties-6.0.3.4/lib/rails/templates/rails/welcome/index.html.erb (Duration: 23.3ms | Allocations: 481)
Completed 200 OK in 72ms (Views: 49.7ms | ActiveRecord: 0.0ms | Allocations: 2632)


Started GET "/favicon.ico" for ::1 at 2021-01-07 08:18:52 -0500
  
ActionController::RoutingError (No route matches [GET] "/favicon.ico"):
  
actionpack (6.0.3.4) lib/action_dispatch/middleware/debug_exceptions.rb:36:in `call'
actionpack (6.0.3.4) lib/action_dispatch/middleware/show_exceptions.rb:33:in `call'
railties (6.0.3.4) lib/rails/rack/logger.rb:37:in `call_app'
railties (6.0.3.4) lib/rails/rack/logger.rb:26:in `block in call'
activesupport (6.0.3.4) lib/active_support/tagged_logging.rb:80:in `block in tagged'
activesupport (6.0.3.4) lib/active_support/tagged_logging.rb:28:in `tagged'
activesupport (6.0.3.4) lib/active_support/tagged_logging.rb:80:in `tagged'
railties (6.0.3.4) lib/rails/rack/logger.rb:26:in `call'
actionpack (6.0.3.4) lib/action_dispatch/middleware/remote_ip.rb:81:in `call'
actionpack (6.0.3.4) lib/action_dispatch/middleware/request_id.rb:27:in `call'
rack (2.2.3) lib/rack/runtime.rb:22:in `call'
activesupport (6.0.3.4) lib/active_support/cache/strategy/local_cache_middleware.rb:29:in `call'
actionpack (6.0.3.4) lib/action_dispatch/middleware/executor.rb:14:in `call'
actionpack (6.0.3.4) lib/action_dispatch/middleware/static.rb:126:in `call'
rack (2.2.3) lib/rack/sendfile.rb:110:in `call'
actionpack (6.0.3.4) lib/action_dispatch/middleware/host_authorization.rb:82:in `call'
railties (6.0.3.4) lib/rails/engine.rb:527:in `call'
puma (4.3.7) lib/puma/configuration.rb:228:in `call'
puma (4.3.7) lib/puma/server.rb:713:in `handle_request'
puma (4.3.7) lib/puma/server.rb:472:in `process_client'
puma (4.3.7) lib/puma/server.rb:328:in `block in run'
puma (4.3.7) lib/puma/thread_pool.rb:134:in `block in spawn_thread'
Started GET "/users" for ::1 at 2021-01-07 08:18:57 -0500
  
ActionController::RoutingError (No route matches [GET] "/users"):
  
actionpack (6.0.3.4) lib/action_dispatch/middleware/debug_exceptions.rb:36:in `call'
actionpack (6.0.3.4) lib/action_dispatch/middleware/show_exceptions.rb:33:in `call'
railties (6.0.3.4) lib/rails/rack/logger.rb:37:in `call_app'
railties (6.0.3.4) lib/rails/rack/logger.rb:26:in `block in call'
activesupport (6.0.3.4) lib/active_support/tagged_logging.rb:80:in `block in tagged'
activesupport (6.0.3.4) lib/active_support/tagged_logging.rb:28:in `tagged'
activesupport (6.0.3.4) lib/active_support/tagged_logging.rb:80:in `tagged'
railties (6.0.3.4) lib/rails/rack/logger.rb:26:in `call'
actionpack (6.0.3.4) lib/action_dispatch/middleware/remote_ip.rb:81:in `call'
actionpack (6.0.3.4) lib/action_dispatch/middleware/request_id.rb:27:in `call'
rack (2.2.3) lib/rack/runtime.rb:22:in `call'
activesupport (6.0.3.4) lib/active_support/cache/strategy/local_cache_middleware.rb:29:in `call'
actionpack (6.0.3.4) lib/action_dispatch/middleware/executor.rb:14:in `call'
actionpack (6.0.3.4) lib/action_dispatch/middleware/static.rb:126:in `call'
rack (2.2.3) lib/rack/sendfile.rb:110:in `call'
actionpack (6.0.3.4) lib/action_dispatch/middleware/host_authorization.rb:82:in `call'
railties (6.0.3.4) lib/rails/engine.rb:527:in `call'
puma (4.3.7) lib/puma/configuration.rb:228:in `call'
puma (4.3.7) lib/puma/server.rb:713:in `handle_request'
puma (4.3.7) lib/puma/server.rb:472:in `process_client'
puma (4.3.7) lib/puma/server.rb:328:in `block in run'
puma (4.3.7) lib/puma/thread_pool.rb:134:in `block in spawn_thread'
Started GET "/api/v1/users" for ::1 at 2021-01-07 08:19:12 -0500
  
SyntaxError (/Users/heatherschechter/Desktop/heatherAPI/app/controllers/api/v1/users_controller.rb:6: syntax error, unexpected end
  end 
  ^~~
/Users/heatherschechter/Desktop/heatherAPI/app/controllers/api/v1/users_controller.rb:24: syntax error, unexpected end-of-input, expecting end):
  
app/controllers/api/v1/users_controller.rb:6: syntax error, unexpected end
app/controllers/api/v1/users_controller.rb:24: syntax error, unexpected end-of-input, expecting end
app/controllers/api/v1/users_controller.rb:6: syntax error, unexpected end
app/controllers/api/v1/users_controller.rb:24: syntax error, unexpected end-of-input, expecting end
Started GET "/api/v1/users" for ::1 at 2021-01-07 08:19:23 -0500
  
SyntaxError (/Users/heatherschechter/Desktop/heatherAPI/app/controllers/api/v1/users_controller.rb:5: syntax error, unexpected '}', expecting =>
    render json: { @users }
                          ^
/Users/heatherschechter/Desktop/heatherAPI/app/controllers/api/v1/users_controller.rb:24: syntax error, unexpected end-of-input, expecting end):
  
app/controllers/api/v1/users_controller.rb:5: syntax error, unexpected '}', expecting =>
app/controllers/api/v1/users_controller.rb:24: syntax error, unexpected end-of-input, expecting end
app/controllers/api/v1/users_controller.rb:5: syntax error, unexpected '}', expecting =>
app/controllers/api/v1/users_controller.rb:24: syntax error, unexpected end-of-input, expecting end
Started GET "/api/v1/users" for ::1 at 2021-01-07 08:19:36 -0500
  
SyntaxError (/Users/heatherschechter/Desktop/heatherAPI/app/controllers/api/v1/users_controller.rb:5: syntax error, unexpected '}', expecting =>
    render json: { @users }
                          ^
/Users/heatherschechter/Desktop/heatherAPI/app/controllers/api/v1/users_controller.rb:24: syntax error, unexpected end-of-input, expecting end):
  
app/controllers/api/v1/users_controller.rb:5: syntax error, unexpected '}', expecting =>
app/controllers/api/v1/users_controller.rb:24: syntax error, unexpected end-of-input, expecting end
app/controllers/api/v1/users_controller.rb:5: syntax error, unexpected '}', expecting =>
app/controllers/api/v1/users_controller.rb:24: syntax error, unexpected end-of-input, expecting end
  [1m[36mUser Load (0.6ms)[0m  [1m[34mSELECT "users".* FROM "users" LIMIT $1[0m  [["LIMIT", 11]]
Started GET "/api/v1/users" for ::1 at 2021-01-07 08:21:19 -0500
Processing by Api::V1::UsersController#index as HTML
  [1m[36mUser Load (0.7ms)[0m  [1m[34mSELECT "users".* FROM "users"[0m
  ↳ app/controllers/api/v1/users_controller.rb:5:in `index'
Completed 200 OK in 37ms (Views: 14.6ms | ActiveRecord: 18.9ms | Allocations: 5825)


Started GET "/api/v1/users" for ::1 at 2021-01-07 08:42:11 -0500
  [1m[35m (45.8ms)[0m  [1m[34mSELECT "schema_migrations"."version" FROM "schema_migrations" ORDER BY "schema_migrations"."version" ASC[0m
Processing by Api::V1::UsersController#index as HTML
  [1m[36mUser Load (5.5ms)[0m  [1m[34mSELECT "users".* FROM "users"[0m
  ↳ app/controllers/api/v1/users_controller.rb:5:in `index'
Completed 200 OK in 86ms (Views: 12.8ms | ActiveRecord: 56.0ms | Allocations: 5817)


Started GET "/api/v1/users" for ::1 at 2021-01-07 08:44:00 -0500
Processing by Api::V1::UsersController#index as HTML
  [1m[36mUser Load (35.7ms)[0m  [1m[34mSELECT "users".* FROM "users"[0m
  ↳ app/controllers/api/v1/users_controller.rb:6:in `index'
Completed 200 OK in 120ms (Views: 27.7ms | ActiveRecord: 89.1ms | Allocations: 5066)


Started GET "/api/v1/users" for ::1 at 2021-01-07 08:44:12 -0500
Processing by Api::V1::UsersController#index as HTML
  [1m[36mUser Load (0.4ms)[0m  [1m[34mSELECT "users".* FROM "users"[0m
  ↳ app/controllers/api/v1/users_controller.rb:6:in `index'
Completed 200 OK in 28ms (Views: 10.7ms | ActiveRecord: 15.9ms | Allocations: 5067)


Started GET "/api/v1/users" for ::1 at 2021-01-07 08:44:34 -0500
Processing by Api::V1::UsersController#index as HTML
  [1m[36mUser Load (0.4ms)[0m  [1m[34mSELECT "users".* FROM "users"[0m
  ↳ app/controllers/api/v1/users_controller.rb:6:in `index'
Completed 200 OK in 50ms (Views: 40.2ms | ActiveRecord: 6.4ms | Allocations: 5099)


Started GET "/api/v1/users" for ::1 at 2021-01-07 08:45:41 -0500
Processing by Api::V1::UsersController#index as HTML
  [1m[36mUser Load (0.4ms)[0m  [1m[34mSELECT "users".* FROM "users"[0m
  ↳ app/controllers/api/v1/users_controller.rb:6:in `index'
Completed 200 OK in 54ms (Views: 14.5ms | ActiveRecord: 36.2ms | Allocations: 5049)


Started GET "/api/v1/users" for ::1 at 2021-01-07 08:45:50 -0500
Processing by Api::V1::UsersController#index as HTML
Completed 500 Internal Server Error in 133ms (ActiveRecord: 0.0ms | Allocations: 35925)


  
NoMethodError (undefined method `console?' for #<Api::V1::UsersController:0x00007fbacf621448>):
  
app/controllers/api/v1/users_controller.rb:4:in `index'
Started GET "/api/v1/users" for ::1 at 2021-01-07 08:46:01 -0500
Processing by Api::V1::UsersController#index as HTML
  [1m[36mUser Load (0.4ms)[0m  [1m[34mSELECT "users".* FROM "users"[0m
  ↳ app/controllers/api/v1/users_controller.rb:6:in `index'
Completed 200 OK in 64ms (Views: 46.9ms | ActiveRecord: 14.4ms | Allocations: 5235)


Started GET "/api/v1/users" for ::1 at 2021-01-07 08:51:31 -0500
  [1m[35m (1.0ms)[0m  [1m[34mSELECT "schema_migrations"."version" FROM "schema_migrations" ORDER BY "schema_migrations"."version" ASC[0m
Processing by Api::V1::UsersController#index as HTML
Completed 500 Internal Server Error in 13ms (ActiveRecord: 0.0ms | Allocations: 3070)


  
NameError (uninitialized constant ActiveModel::UserSerializer):
  
app/serializers/user_serializer.rb:1:in `<main>'
app/controllers/api/v1/users_controller.rb:5:in `index'
Started GET "/api/v1/users" for ::1 at 2021-01-07 08:52:00 -0500
Processing by Api::V1::UsersController#index as HTML
Completed 500 Internal Server Error in 8ms (ActiveRecord: 0.0ms | Allocations: 2875)


  
NameError (uninitialized constant ActiveModel::Serializer
Did you mean?  ActiveModel::Serializers):
  
app/serializers/user_serializer.rb:1:in `<main>'
app/controllers/api/v1/users_controller.rb:5:in `index'
Started GET "/api/v1/users" for ::1 at 2021-01-07 08:52:10 -0500
Processing by Api::V1::UsersController#index as HTML
Completed 500 Internal Server Error in 3ms (ActiveRecord: 0.0ms | Allocations: 175)


  
TypeError (superclass must be a Class (Module given)):
  
app/serializers/user_serializer.rb:1:in `<main>'
app/controllers/api/v1/users_controller.rb:5:in `index'
Started GET "/api/v1/users" for ::1 at 2021-01-07 08:52:53 -0500
Processing by Api::V1::UsersController#index as HTML
Completed 500 Internal Server Error in 3ms (ActiveRecord: 0.0ms | Allocations: 909)


  
TypeError (superclass must be a Class (Module given)):
  
app/serializers/user_serializer.rb:1:in `<main>'
app/controllers/api/v1/users_controller.rb:5:in `index'
Started GET "/api/v1/users" for ::1 at 2021-01-07 08:54:54 -0500
  [1m[35m (1.1ms)[0m  [1m[34mSELECT "schema_migrations"."version" FROM "schema_migrations" ORDER BY "schema_migrations"."version" ASC[0m
Processing by Api::V1::UsersController#index as HTML
Completed 500 Internal Server Error in 8ms (ActiveRecord: 0.0ms | Allocations: 1196)


  
TypeError (superclass must be a Class (Module given)):
  
app/serializers/user_serializer.rb:1:in `<main>'
app/controllers/api/v1/users_controller.rb:5:in `index'
Started GET "/api/v1/users" for ::1 at 2021-01-07 08:54:58 -0500
Processing by Api::V1::UsersController#index as HTML
Completed 500 Internal Server Error in 2ms (ActiveRecord: 0.0ms | Allocations: 155)


  
TypeError (superclass must be a Class (Module given)):
  
app/serializers/user_serializer.rb:1:in `<main>'
app/controllers/api/v1/users_controller.rb:5:in `index'
Started GET "/api/v1/users" for ::1 at 2021-01-07 08:55:40 -0500
Processing by Api::V1::UsersController#index as HTML
[active_model_serializers]   [1m[36mUser Load (0.7ms)[0m  [1m[34mSELECT "users".* FROM "users" LIMIT $1[0m  [["LIMIT", 11]]
[active_model_serializers]   ↳ app/controllers/api/v1/users_controller.rb:5:in `index'
[active_model_serializers] Rendered ActiveModel::Serializer::Null with Hash (51.03ms)
  [1m[36mCACHE User Load (0.0ms)[0m  [1m[34mSELECT "users".* FROM "users" LIMIT $1[0m  [["LIMIT", 11]]
Completed 500 Internal Server Error in 64ms (ActiveRecord: 12.9ms | Allocations: 11392)


  [1m[36mCACHE User Load (0.0ms)[0m  [1m[34mSELECT "users".* FROM "users" LIMIT $1[0m  [["LIMIT", 11]]
  
NoMethodError (undefined method `read_attribute_for_serialization' for #<User::ActiveRecord_Relation:0x00007fe296ac2f80>):
  
app/controllers/api/v1/users_controller.rb:5:in `index'
Started GET "/api/v1/users" for ::1 at 2021-01-07 09:03:53 -0500
Processing by Api::V1::UsersController#index as HTML
  [1m[36mUser Load (1.1ms)[0m  [1m[34mSELECT "users".* FROM "users"[0m
  ↳ app/controllers/api/v1/users_controller.rb:9:in `index'
[active_model_serializers] Rendered ActiveModel::Serializer::CollectionSerializer with ActiveModelSerializers::Adapter::Attributes (1.52ms)
Completed 200 OK in 17ms (Views: 12.2ms | ActiveRecord: 1.1ms | Allocations: 5423)


  [1m[35m (0.3ms)[0m  [1m[34mSELECT pg_try_advisory_lock(2279409318858252315)[0m
  [1m[35m (41.5ms)[0m  [1m[34mSELECT "schema_migrations"."version" FROM "schema_migrations" ORDER BY "schema_migrations"."version" ASC[0m
Migrating to CreateRecipeBooks (20210108134614)
  [1m[35m (0.2ms)[0m  [1m[35mBEGIN[0m
  [1m[35m (35.7ms)[0m  [1m[35mCREATE TABLE "recipe_books" ("id" bigserial primary key, "name" character varying, "created_at" timestamp(6) NOT NULL, "updated_at" timestamp(6) NOT NULL)[0m
  [1m[36mprimary::SchemaMigration Create (0.9ms)[0m  [1m[32mINSERT INTO "schema_migrations" ("version") VALUES ($1) RETURNING "version"[0m  [["version", "20210108134614"]]
  [1m[35m (1.0ms)[0m  [1m[35mCOMMIT[0m
  [1m[36mActiveRecord::InternalMetadata Load (0.5ms)[0m  [1m[34mSELECT "ar_internal_metadata".* FROM "ar_internal_metadata" WHERE "ar_internal_metadata"."key" = $1 LIMIT $2[0m  [["key", "environment"], ["LIMIT", 1]]
  [1m[35m (0.3ms)[0m  [1m[34mSELECT pg_advisory_unlock(2279409318858252315)[0m
  [1m[35m (0.9ms)[0m  [1m[34mSELECT "schema_migrations"."version" FROM "schema_migrations" ORDER BY "schema_migrations"."version" ASC[0m
  [1m[35m (0.9ms)[0m  [1m[34mSELECT "schema_migrations"."version" FROM "schema_migrations" ORDER BY "schema_migrations"."version" ASC[0m
  [1m[35m (0.4ms)[0m  [1m[34mSELECT "schema_migrations"."version" FROM "schema_migrations" ORDER BY "schema_migrations"."version" ASC[0m
  [1m[35m (0.3ms)[0m  [1m[34mSELECT "schema_migrations"."version" FROM "schema_migrations" ORDER BY "schema_migrations"."version" ASC[0m
  [1m[35m (0.3ms)[0m  [1m[34mSELECT pg_try_advisory_lock(2279409318858252315)[0m
  [1m[35m (0.3ms)[0m  [1m[34mSELECT "schema_migrations"."version" FROM "schema_migrations" ORDER BY "schema_migrations"."version" ASC[0m
Migrating to CreateRecipeBooks (20210108134614)
  [1m[35m (0.2ms)[0m  [1m[35mBEGIN[0m
  [1m[35m (47.3ms)[0m  [1m[35mDROP TABLE "recipe_books"[0m
  [1m[36mprimary::SchemaMigration Destroy (1.3ms)[0m  [1m[31mDELETE FROM "schema_migrations" WHERE "schema_migrations"."version" = $1[0m  [["version", "20210108134614"]]
  [1m[35m (1.7ms)[0m  [1m[35mCOMMIT[0m
  [1m[35m (0.4ms)[0m  [1m[34mSELECT pg_advisory_unlock(2279409318858252315)[0m
  [1m[35m (1.0ms)[0m  [1m[34mSELECT "schema_migrations"."version" FROM "schema_migrations" ORDER BY "schema_migrations"."version" ASC[0m
  [1m[35m (1.0ms)[0m  [1m[34mSELECT "schema_migrations"."version" FROM "schema_migrations" ORDER BY "schema_migrations"."version" ASC[0m
  [1m[35m (0.2ms)[0m  [1m[34mSELECT pg_try_advisory_lock(2279409318858252315)[0m
  [1m[35m (0.9ms)[0m  [1m[34mSELECT "schema_migrations"."version" FROM "schema_migrations" ORDER BY "schema_migrations"."version" ASC[0m
Migrating to CreateRecipeBooks (20210108134614)
  [1m[35m (0.2ms)[0m  [1m[35mBEGIN[0m
  [1m[35m (50.7ms)[0m  [1m[35mCREATE TABLE "recipe_books" ("id" bigserial primary key, "name" character varying, "user_id" bigint NOT NULL, "created_at" timestamp(6) NOT NULL, "updated_at" timestamp(6) NOT NULL, CONSTRAINT "fk_rails_2120b63ed9"
FOREIGN KEY ("user_id")
  REFERENCES "users" ("id")
)[0m
  [1m[35m (1.8ms)[0m  [1m[35mCREATE  INDEX  "index_recipe_books_on_user_id" ON "recipe_books"  ("user_id")[0m
  [1m[36mprimary::SchemaMigration Create (0.5ms)[0m  [1m[32mINSERT INTO "schema_migrations" ("version") VALUES ($1) RETURNING "version"[0m  [["version", "20210108134614"]]
  [1m[35m (0.6ms)[0m  [1m[35mCOMMIT[0m
Migrating to CreateRecipes (20210108140332)
  [1m[35m (40.6ms)[0m  [1m[35mBEGIN[0m
  [1m[35m (2.2ms)[0m  [1m[35mCREATE TABLE "recipes" ("id" bigserial primary key, "title" character varying, "prep_time" character varying, "source" character varying, "ingredients" hstore, "steps" text, "notes" text, "tags" character varying[], "last_prep_date" date, "created_at" timestamp(6) NOT NULL, "updated_at" timestamp(6) NOT NULL)[0m
  [1m[35m (0.1ms)[0m  [1m[31mROLLBACK[0m
  [1m[35m (0.4ms)[0m  [1m[34mSELECT pg_advisory_unlock(2279409318858252315)[0m
  [1m[35m (0.3ms)[0m  [1m[34mSELECT pg_try_advisory_lock(2279409318858252315)[0m
  [1m[35m (1.0ms)[0m  [1m[34mSELECT "schema_migrations"."version" FROM "schema_migrations" ORDER BY "schema_migrations"."version" ASC[0m
Migrating to CreateRecipes (20210108140332)
  [1m[35m (0.5ms)[0m  [1m[35mBEGIN[0m
  [1m[35m (48.4ms)[0m  [1m[35mCREATE TABLE "recipes" ("id" bigserial primary key, "title" character varying, "prep_time" character varying, "source" character varying, "ingredients" character varying[], "steps" text, "notes" text, "tags" character varying[], "last_prep_date" date, "created_at" timestamp(6) NOT NULL, "updated_at" timestamp(6) NOT NULL)[0m
  [1m[36mprimary::SchemaMigration Create (0.5ms)[0m  [1m[32mINSERT INTO "schema_migrations" ("version") VALUES ($1) RETURNING "version"[0m  [["version", "20210108140332"]]
  [1m[35m (1.0ms)[0m  [1m[35mCOMMIT[0m
  [1m[36mActiveRecord::InternalMetadata Load (0.5ms)[0m  [1m[34mSELECT "ar_internal_metadata".* FROM "ar_internal_metadata" WHERE "ar_internal_metadata"."key" = $1 LIMIT $2[0m  [["key", "environment"], ["LIMIT", 1]]
  [1m[35m (0.8ms)[0m  [1m[34mSELECT pg_advisory_unlock(2279409318858252315)[0m
  [1m[35m (1.6ms)[0m  [1m[34mSELECT "schema_migrations"."version" FROM "schema_migrations" ORDER BY "schema_migrations"."version" ASC[0m
  [1m[35m (1.3ms)[0m  [1m[34mSELECT "schema_migrations"."version" FROM "schema_migrations" ORDER BY "schema_migrations"."version" ASC[0m
  [1m[36mUser Load (0.5ms)[0m  [1m[34mSELECT "users".* FROM "users" LIMIT $1[0m  [["LIMIT", 11]]
  [1m[35m (0.2ms)[0m  [1m[35mBEGIN[0m
  [1m[36mUser Load (0.4ms)[0m  [1m[34mSELECT "users".* FROM "users" WHERE "users"."id" = $1 LIMIT $2[0m  [["id", 1], ["LIMIT", 1]]
  [1m[36mRecipeBook Create (53.4ms)[0m  [1m[32mINSERT INTO "recipe_books" ("name", "user_id", "created_at", "updated_at") VALUES ($1, $2, $3, $4) RETURNING "id"[0m  [["name", "nick_book1"], ["user_id", 1], ["created_at", "2021-01-08 14:31:00.859034"], ["updated_at", "2021-01-08 14:31:00.859034"]]
  [1m[35m (3.0ms)[0m  [1m[35mCOMMIT[0m
  [1m[36mUser Load (0.5ms)[0m  [1m[34mSELECT "users".* FROM "users" WHERE "users"."id" = $1 LIMIT $2[0m  [["id", 1], ["LIMIT", 11]]
  [1m[36mUser Load (0.5ms)[0m  [1m[34mSELECT "users".* FROM "users" WHERE "users"."id" = $1 LIMIT $2[0m  [["id", 1], ["LIMIT", 11]]
  [1m[36mUser Load (0.5ms)[0m  [1m[34mSELECT "users".* FROM "users" WHERE "users"."id" = $1 LIMIT $2[0m  [["id", 1], ["LIMIT", 11]]
  [1m[36mUser Load (0.5ms)[0m  [1m[34mSELECT "users".* FROM "users" WHERE "users"."id" = $1 LIMIT $2[0m  [["id", 1], ["LIMIT", 11]]
  [1m[36mUser Load (0.7ms)[0m  [1m[34mSELECT "users".* FROM "users" WHERE "users"."id" = $1 LIMIT $2[0m  [["id", 1], ["LIMIT", 11]]
  [1m[35m (0.5ms)[0m  [1m[35mBEGIN[0m
  [1m[35m (0.3ms)[0m  [1m[31mROLLBACK[0m
  [1m[36mRecipeBook Destroy (1.6ms)[0m  [1m[31mDELETE FROM "recipe_books" WHERE "recipe_books"."id" = $1[0m  [["id", 1]]
  [1m[36mRecipeBook Load (0.4ms)[0m  [1m[34mSELECT "recipe_books".* FROM "recipe_books" LIMIT $1[0m  [["LIMIT", 11]]
  [1m[36mUser Load (0.4ms)[0m  [1m[34mSELECT "users".* FROM "users" LIMIT $1[0m  [["LIMIT", 11]]
  [1m[35m (0.3ms)[0m  [1m[34mSELECT pg_try_advisory_lock(2279409318858252315)[0m
  [1m[35m (0.9ms)[0m  [1m[34mSELECT "schema_migrations"."version" FROM "schema_migrations" ORDER BY "schema_migrations"."version" ASC[0m
  [1m[36mActiveRecord::InternalMetadata Load (1.6ms)[0m  [1m[34mSELECT "ar_internal_metadata".* FROM "ar_internal_metadata" WHERE "ar_internal_metadata"."key" = $1 LIMIT $2[0m  [["key", "environment"], ["LIMIT", 1]]
  [1m[35m (0.3ms)[0m  [1m[34mSELECT pg_advisory_unlock(2279409318858252315)[0m
  [1m[35m (0.9ms)[0m  [1m[34mSELECT "schema_migrations"."version" FROM "schema_migrations" ORDER BY "schema_migrations"."version" ASC[0m
  [1m[36mUser Load (0.6ms)[0m  [1m[34mSELECT "users".* FROM "users" LIMIT $1[0m  [["LIMIT", 11]]
  [1m[35m (0.2ms)[0m  [1m[35mBEGIN[0m
  [1m[36mUser Load (0.3ms)[0m  [1m[34mSELECT "users".* FROM "users" WHERE "users"."id" = $1 LIMIT $2[0m  [["id", 1], ["LIMIT", 1]]
  [1m[36mRecipeBook Create (1.3ms)[0m  [1m[32mINSERT INTO "recipe_books" ("name", "user_id", "created_at", "updated_at") VALUES ($1, $2, $3, $4) RETURNING "id"[0m  [["name", "nick_book1"], ["user_id", 1], ["created_at", "2021-01-08 14:42:24.894033"], ["updated_at", "2021-01-08 14:42:24.894033"]]
  [1m[35m (1.3ms)[0m  [1m[35mCOMMIT[0m
  [1m[36mUser Load (0.6ms)[0m  [1m[34mSELECT "users".* FROM "users" WHERE "users"."id" = $1 LIMIT $2[0m  [["id", 1], ["LIMIT", 11]]
  [1m[36mUser Load (0.4ms)[0m  [1m[34mSELECT "users".* FROM "users" WHERE "users"."id" = $1 LIMIT $2[0m  [["id", 1], ["LIMIT", 11]]
  [1m[36mRecipeBook Load (0.6ms)[0m  [1m[34mSELECT "recipe_books".* FROM "recipe_books" LIMIT $1[0m  [["LIMIT", 11]]
  [1m[36mUser Load (0.4ms)[0m  [1m[34mSELECT "users".* FROM "users" WHERE "users"."id" = $1 LIMIT $2[0m  [["id", 1], ["LIMIT", 11]]
  [1m[36mUser Load (0.5ms)[0m  [1m[34mSELECT "users".* FROM "users" WHERE "users"."id" = $1 LIMIT $2[0m  [["id", 1], ["LIMIT", 11]]
  [1m[36mUser Load (0.4ms)[0m  [1m[34mSELECT "users".* FROM "users" WHERE "users"."id" = $1 LIMIT $2[0m  [["id", 1], ["LIMIT", 11]]
  [1m[36mUser Load (0.4ms)[0m  [1m[34mSELECT "users".* FROM "users" WHERE "users"."id" = $1 LIMIT $2[0m  [["id", 1], ["LIMIT", 11]]
  [1m[36mUser Load (0.3ms)[0m  [1m[34mSELECT "users".* FROM "users" WHERE "users"."id" = $1 LIMIT $2[0m  [["id", 1], ["LIMIT", 11]]
  [1m[36mUser Load (0.3ms)[0m  [1m[34mSELECT "users".* FROM "users" WHERE "users"."id" = $1 LIMIT $2[0m  [["id", 1], ["LIMIT", 11]]
  [1m[36mUser Load (0.4ms)[0m  [1m[34mSELECT "users".* FROM "users" WHERE "users"."id" = $1 LIMIT $2[0m  [["id", 1], ["LIMIT", 11]]
  [1m[36mUser Load (0.4ms)[0m  [1m[34mSELECT "users".* FROM "users" WHERE "users"."id" = $1 LIMIT $2[0m  [["id", 1], ["LIMIT", 11]]
  [1m[36mUser Load (0.3ms)[0m  [1m[34mSELECT "users".* FROM "users" WHERE "users"."id" = $1 LIMIT $2[0m  [["id", 1], ["LIMIT", 11]]
  [1m[36mUser Load (0.4ms)[0m  [1m[34mSELECT "users".* FROM "users" WHERE "users"."id" = $1 LIMIT $2[0m  [["id", 1], ["LIMIT", 11]]
  [1m[36mUser Load (0.4ms)[0m  [1m[34mSELECT "users".* FROM "users" WHERE "users"."id" = $1 LIMIT $2[0m  [["id", 1], ["LIMIT", 11]]
